<?xml version="1.0" encoding="UTF-8"?>
<testsuite xmlns:xsi="http://www.w3.org/2001/XMLSchema-instance" xsi:noNamespaceSchemaLocation="https://maven.apache.org/surefire/maven-surefire-plugin/xsd/surefire-test-report-3.0.xsd" version="3.0" name="br.com.devsenior.ms_save_car.MsSaveCarApplicationTests" time="11.873" tests="1" errors="0" skipped="0" failures="0">
  <properties>
[...]
</properties>
  <testcase name="contextLoads" classname="br.com.devsenior.ms_save_car.MsSaveCarApplicationTests" time="2.577">
    <system-out><![CDATA[06:59:43.880 [main] INFO org.springframework.test.context.support.AnnotationConfigContextLoaderUtils -- Could not detect default configuration classes for test class [br.com.devsenior.ms_save_car.MsSaveCarApplicationTests]: MsSaveCarApplicationTests does not declare any static, non-private, non-final, nested classes annotated with @Configuration.
06:59:44.470 [main] INFO org.springframework.boot.test.context.SpringBootTestContextBootstrapper -- Found @SpringBootConfiguration br.com.devsenior.ms_save_car.MsSaveCarApplication for test class br.com.devsenior.ms_save_car.MsSaveCarApplicationTests

  .   ____          _            __ _ _
 /\\ / ___'_ __ _ _(_)_ __  __ _ \ \ \ \
( ( )\___ | '_ | '_| | '_ \/ _` | \ \ \ \
 \\/  ___)| |_)| | | | | || (_| |  ) ) ) )
  '  |____| .__|_| |_|_| |_\__, | / / / /
 =========|_|==============|___/=/_/_/_/

 :: Spring Boot ::                (v3.3.4)

2024-10-05T06:59:46.314-03:00  INFO 27260 --- [           main] b.c.d.m.MsSaveCarApplicationTests        : Starting MsSaveCarApplicationTests using Java 17.0.12 with PID 27260 (started by alex in /home/alex/Documentos/SÁBADO/2_Second_Project/ms-save-car)
2024-10-05T06:59:46.322-03:00  INFO 27260 --- [           main] b.c.d.m.MsSaveCarApplicationTests        : No active profile set, falling back to 1 default profile: "default"
2024-10-05T06:59:52.085-03:00  INFO 27260 --- [           main] o.s.b.a.e.web.EndpointLinksResolver      : Exposing 14 endpoints beneath base path ''
2024-10-05T06:59:52.245-03:00  INFO 27260 --- [           main] b.c.d.m.MsSaveCarApplicationTests        : Started MsSaveCarApplicationTests in 7.272 seconds (process running for 11.406)
]]></system-out>
  </testcase>
</testsuite>